Exporter version: 2.93.5, Blender version: 3.0.0
========= Conversion from Blender to Babylon.js =========
	Scene settings used :
		Inline textures     :  false
		Material Type       :  PBR
		Positions Precision :  4
		Normals Precision   :  3
		UVs Precision       :  3
		Vert Color Precision:  3
		Mat Weight Precision:  2
		Keep Z-up r-handed  :  no
		Texture directory   :  C:\Users\Kamaveli\Desktop\miniBale-3D.Architecture.Maker-master\meshes\
	Python World class constructor completed
	processing begun of camera (UniversalCamera):  Camera
	processing begun of mesh:  texturedMesh
		processing begun of material:  material_0
		processing begun of material:  material_1
			processing texture texture_1001
				texture type:  diffuseTexture, mapped using: "UVMap"
			processing texture texture_1002
				texture type:  diffuseTexture, mapped using: "UVMap"
		processing begun of multimaterial:  doniczka_large.Multimaterial#0
		Custom split normals with tangents being used
		num positions      :  446354
		num normals        :  446354
		num tangents       :  1785416
		num uvs            :  892708
		num uvs2           :  0
		num colors         :  0
		num triangles      :  513458
		WARNING: # of 0 area faces found:  970
	processing begun of light (POINT):  Light
========= Writing of JSON file started =========
	writing mesh:  texturedMesh
========= Writing of JSON file completed =========
========= end of processing =========
elapsed time:  2 min, 8.2764 secs
